<?xml version="1.0" encoding="utf-8"?><testsuites name="pytest tests"><testsuite name="pytest" errors="0" failures="0" skipped="0" tests="17" time="4.983" timestamp="2026-05-30T15:11:38.562710+00:00" hostname="agent-env-3a1beb90-fe99-4661-a335-f38a74b4d65a"><testcase classname="backend.tests.test_patepic_backend.TestHealth" name="test_health" time="0.164" /><testcase classname="backend.tests.test_patepic_backend.TestReviewsPublic" name="test_list_all" time="0.049" /><testcase classname="backend.tests.test_patepic_backend.TestReviewsPublic" name="test_filter_q" time="0.049" /><testcase classname="backend.tests.test_patepic_backend.TestReviewsPublic" name="test_filter_platform" time="0.050" /><testcase classname="backend.tests.test_patepic_backend.TestReviewsPublic" name="test_sort_score_desc" time="0.049" /><testcase classname="backend.tests.test_patepic_backend.TestReviewsPublic" name="test_get_single" time="0.049" /><testcase classname="backend.tests.test_patepic_backend.TestReviewsPublic" name="test_get_nonexistent" time="0.057" /><testcase classname="backend.tests.test_patepic_backend.TestAuth" name="test_login_success" time="0.275" /><testcase classname="backend.tests.test_patepic_backend.TestAuth" name="test_login_wrong_password" time="0.271" /><testcase classname="backend.tests.test_patepic_backend.TestAuth" name="test_me_unauthorized" time="0.113" /><testcase classname="backend.tests.test_patepic_backend.TestAuth" name="test_me_authorized" time="0.404" /><testcase classname="backend.tests.test_patepic_backend.TestAdminCRUD" name="test_create_review_unauthorized" time="0.098" /><testcase classname="backend.tests.test_patepic_backend.TestAdminCRUD" name="test_create_review" time="0.220" /><testcase classname="backend.tests.test_patepic_backend.TestAdminCRUD" name="test_update_review" time="0.274" /><testcase classname="backend.tests.test_patepic_backend.TestAdminCRUD" name="test_delete_review" time="0.206" /><testcase classname="backend.tests.test_patepic_backend.TestR2Upload" name="test_upload_image" time="2.291" /><testcase classname="backend.tests.test_patepic_backend.TestContact" name="test_contact_form" time="0.287" /></testsuite></testsuites>