<?xml version="1.0" encoding="utf-8"?><testsuites name="pytest tests"><testsuite name="pytest" errors="0" failures="0" skipped="0" tests="6" time="0.463" timestamp="2026-05-30T11:59:36.971088+00:00" hostname="agent-env-3a1beb90-fe99-4661-a335-f38a74b4d65a"><testcase classname="backend.tests.test_api.TestHealth" name="test_root" time="0.159" /><testcase classname="backend.tests.test_api.TestHealth" name="test_health" time="0.046" /><testcase classname="backend.tests.test_api.TestContact" name="test_contact_valid_dev_mode" time="0.048" /><testcase classname="backend.tests.test_api.TestContact" name="test_contact_invalid_email" time="0.050" /><testcase classname="backend.tests.test_api.TestContact" name="test_contact_missing_fields" time="0.048" /><testcase classname="backend.tests.test_api.TestContact" name="test_contact_empty_message" time="0.048" /></testsuite></testsuites>